<?xml version="1.0" encoding="UTF-8"?>
<!-- Generated by org.testng.reporters.JUnitXMLReporter -->
<testsuite hostname="LAPTOP-C2G5F0C2" name="login wrong email test" tests="2" failures="0" timestamp="27 Sep 2019 02:35:37 GMT" time="11.644" errors="0">
  <testcase name="orerPageWrongLogin" time="3.578" classname="Amazon.OrderLoginTestWithWorngEmail"/>
  <testcase name="orerPageWrongLogin" time="3.712" classname="Amazon.OrderLoginTestWithWorngEmail"/>
</testsuite> <!-- login wrong email test -->
