<?xml version="1.0" encoding="UTF-8"?>
<testng-results skipped="0" failed="0" total="3" passed="3">
  <reporter-output>
  </reporter-output>
  <suite name="Suite" duration-ms="22614" started-at="2019-09-25T21:38:04Z" finished-at="2019-09-25T21:38:27Z">
    <groups>
    </groups>
    <test name="Navigation test" duration-ms="9574" started-at="2019-09-25T21:38:04Z" finished-at="2019-09-25T21:38:14Z">
      <class name="Amazon.NevigationTest">
        <test-method status="PASS" signature="initialize()[pri:0, instance:Amazon.NevigationTest@3c407114]" name="initialize" is-config="true" duration-ms="6719" started-at="2019-09-25T17:38:04Z" finished-at="2019-09-25T17:38:11Z">
          <reporter-output>
          </reporter-output>
        </test-method> <!-- initialize -->
        <test-method status="PASS" signature="basePageNavigation(java.lang.String)[pri:0, instance:Amazon.NevigationTest@3c407114]" name="basePageNavigation" duration-ms="528" started-at="2019-09-25T17:38:11Z" data-provider="getData" finished-at="2019-09-25T17:38:12Z">
          <params>
            <param index="0">
              <value>
                <![CDATA[wrongaddress124@gmail.com]]>
              </value>
            </param>
          </params>
          <reporter-output>
          </reporter-output>
        </test-method> <!-- basePageNavigation -->
        <test-method status="PASS" signature="teardown()[pri:0, instance:Amazon.NevigationTest@3c407114]" name="teardown" is-config="true" duration-ms="2314" started-at="2019-09-25T17:38:12Z" finished-at="2019-09-25T17:38:14Z">
          <reporter-output>
          </reporter-output>
        </test-method> <!-- teardown -->
      </class> <!-- Amazon.NevigationTest -->
    </test> <!-- Navigation test -->
    <test name="login wrong email test" duration-ms="12982" started-at="2019-09-25T21:38:14Z" finished-at="2019-09-25T21:38:27Z">
      <class name="Amazon.OrderLoginTestWithWorngEmail">
        <test-method status="PASS" signature="initialize()[pri:0, instance:Amazon.OrderLoginTestWithWorngEmail@6e171cd7]" name="initialize" is-config="true" duration-ms="2358" started-at="2019-09-25T17:38:14Z" finished-at="2019-09-25T17:38:16Z">
          <reporter-output>
          </reporter-output>
        </test-method> <!-- initialize -->
        <test-method status="PASS" signature="orerPageWrongLogin(java.lang.String)[pri:0, instance:Amazon.OrderLoginTestWithWorngEmail@6e171cd7]" name="orerPageWrongLogin" duration-ms="6014" started-at="2019-09-25T17:38:16Z" data-provider="getData" finished-at="2019-09-25T17:38:22Z">
          <params>
            <param index="0">
              <value>
                <![CDATA[wrongaddress124@gmail.com]]>
              </value>
            </param>
          </params>
          <reporter-output>
          </reporter-output>
        </test-method> <!-- orerPageWrongLogin -->
        <test-method status="PASS" signature="orerPageWrongLogin(java.lang.String)[pri:0, instance:Amazon.OrderLoginTestWithWorngEmail@6e171cd7]" name="orerPageWrongLogin" duration-ms="2295" started-at="2019-09-25T17:38:22Z" data-provider="getData" finished-at="2019-09-25T17:38:25Z">
          <params>
            <param index="0">
              <value>
                <![CDATA[wrong233@gmail.com]]>
              </value>
            </param>
          </params>
          <reporter-output>
          </reporter-output>
        </test-method> <!-- orerPageWrongLogin -->
        <test-method status="PASS" signature="teardown()[pri:0, instance:Amazon.OrderLoginTestWithWorngEmail@6e171cd7]" name="teardown" is-config="true" duration-ms="2314" started-at="2019-09-25T17:38:25Z" finished-at="2019-09-25T17:38:27Z">
          <reporter-output>
          </reporter-output>
        </test-method> <!-- teardown -->
      </class> <!-- Amazon.OrderLoginTestWithWorngEmail -->
    </test> <!-- login wrong email test -->
    <test name="Test" duration-ms="0" started-at="2019-09-25T21:38:27Z" finished-at="2019-09-25T21:38:27Z">
    </test> <!-- Test -->
  </suite> <!-- Suite -->
</testng-results>
