<?xml version="1.0" encoding="UTF-8"?>
<testng-results skipped="0" failed="0" total="3" passed="3">
  <reporter-output>
  </reporter-output>
  <suite name="Suite" duration-ms="18398" started-at="2019-09-27T02:35:19Z" finished-at="2019-09-27T02:35:37Z">
    <groups>
    </groups>
    <test name="Navigation test" duration-ms="6693" started-at="2019-09-27T02:35:19Z" finished-at="2019-09-27T02:35:25Z">
      <class name="Amazon.NevigationTest">
        <test-method status="PASS" signature="initialize()[pri:0, instance:Amazon.NevigationTest@3427b02d]" name="initialize" is-config="true" duration-ms="4437" started-at="2019-09-26T22:35:19Z" finished-at="2019-09-26T22:35:23Z">
          <reporter-output>
          </reporter-output>
        </test-method> <!-- initialize -->
        <test-method status="PASS" signature="basePageNavigation(java.lang.String)[pri:0, instance:Amazon.NevigationTest@3427b02d]" name="basePageNavigation" duration-ms="124" started-at="2019-09-26T22:35:23Z" data-provider="getData" finished-at="2019-09-26T22:35:23Z">
          <params>
            <param index="0">
              <value>
                <![CDATA[wrongaddress124@gmail.com]]>
              </value>
            </param>
          </params>
          <reporter-output>
          </reporter-output>
        </test-method> <!-- basePageNavigation -->
        <test-method status="PASS" signature="teardown()[pri:0, instance:Amazon.NevigationTest@3427b02d]" name="teardown" is-config="true" duration-ms="2119" started-at="2019-09-26T22:35:23Z" finished-at="2019-09-26T22:35:25Z">
          <reporter-output>
          </reporter-output>
        </test-method> <!-- teardown -->
      </class> <!-- Amazon.NevigationTest -->
    </test> <!-- Navigation test -->
    <test name="login wrong email test" duration-ms="11644" started-at="2019-09-27T02:35:25Z" finished-at="2019-09-27T02:35:37Z">
      <class name="Amazon.OrderLoginTestWithWorngEmail">
        <test-method status="PASS" signature="initialize()[pri:0, instance:Amazon.OrderLoginTestWithWorngEmail@479d31f3]" name="initialize" is-config="true" duration-ms="2266" started-at="2019-09-26T22:35:25Z" finished-at="2019-09-26T22:35:28Z">
          <reporter-output>
          </reporter-output>
        </test-method> <!-- initialize -->
        <test-method status="PASS" signature="orerPageWrongLogin(java.lang.String)[pri:0, instance:Amazon.OrderLoginTestWithWorngEmail@479d31f3]" name="orerPageWrongLogin" duration-ms="3578" started-at="2019-09-26T22:35:28Z" data-provider="getData" finished-at="2019-09-26T22:35:31Z">
          <params>
            <param index="0">
              <value>
                <![CDATA[wrongaddress124@gmail.com]]>
              </value>
            </param>
          </params>
          <reporter-output>
          </reporter-output>
        </test-method> <!-- orerPageWrongLogin -->
        <test-method status="PASS" signature="orerPageWrongLogin(java.lang.String)[pri:0, instance:Amazon.OrderLoginTestWithWorngEmail@479d31f3]" name="orerPageWrongLogin" duration-ms="3712" started-at="2019-09-26T22:35:31Z" data-provider="getData" finished-at="2019-09-26T22:35:35Z">
          <params>
            <param index="0">
              <value>
                <![CDATA[wrong233@gmail.com]]>
              </value>
            </param>
          </params>
          <reporter-output>
          </reporter-output>
        </test-method> <!-- orerPageWrongLogin -->
        <test-method status="PASS" signature="teardown()[pri:0, instance:Amazon.OrderLoginTestWithWorngEmail@479d31f3]" name="teardown" is-config="true" duration-ms="2088" started-at="2019-09-26T22:35:35Z" finished-at="2019-09-26T22:35:37Z">
          <reporter-output>
          </reporter-output>
        </test-method> <!-- teardown -->
      </class> <!-- Amazon.OrderLoginTestWithWorngEmail -->
    </test> <!-- login wrong email test -->
    <test name="Test" duration-ms="0" started-at="2019-09-27T02:35:37Z" finished-at="2019-09-27T02:35:37Z">
    </test> <!-- Test -->
  </suite> <!-- Suite -->
</testng-results>
